{
  "numFailedTestSuites": 0,
  "numFailedTests": 0,
  "numPassedTestSuites": 1,
  "numPassedTests": 1,
  "numPendingTestSuites": 0,
  "numPendingTests": 0,
  "numRuntimeErrorTestSuites": 0,
  "numTodoTests": 0,
  "numTotalTestSuites": 1,
  "numTotalTests": 1,
  "openHandles": [],
  "snapshot": {
    "added": 0,
    "didUpdate": false,
    "failure": false,
    "filesAdded": 0,
    "filesRemoved": 0,
    "filesRemovedList": [],
    "filesUnmatched": 0,
    "filesUpdated": 0,
    "matched": 0,
    "total": 0,
    "unchecked": 0,
    "uncheckedKeysByFile": [],
    "unmatched": 0,
    "updated": 0
  },
  "startTime": 1684772074231,
  "success": true,
  "testResults": [
    {
      "leaks": false,
      "numFailingTests": 0,
      "numPassingTests": 1,
      "numPendingTests": 0,
      "numTodoTests": 0,
      "openHandles": [],
      "perfStats": {
        "end": 1684772074744,
        "runtime": 393,
        "slow": false,
        "start": 1684772074351
      },
      "skipped": false,
      "snapshot": {
        "added": 0,
        "fileDeleted": false,
        "matched": 0,
        "unchecked": 0,
        "uncheckedKeys": [],
        "unmatched": 0,
        "updated": 0
      },
      "testFilePath": "D:\\JalaAT\\DevOps\\vagrant\\bdcc_vagrant\\bdcc_infra_grapql_service\\AT_20_GRAPHQL_SERVICE\\tests\\unitTest.test.js",
      "testResults": [
        {
          "ancestorTitles": [
            "This is the test suite for the graphQl-user service"
          ],
          "duration": 2,
          "failureDetails": [],
          "failureMessages": [],
          "fullName": "This is the test suite for the graphQl-user service Should display a message indicating success",
          "invocations": 1,
          "location": null,
          "numPassingAsserts": 1,
          "retryReasons": [],
          "status": "passed",
          "title": "Should display a message indicating success"
        }
      ],
      "failureMessage": null
    }
  ],
  "wasInterrupted": false
}